<?xml version="1.0" encoding="UTF-8"?>
<!-- Generated by org.testng.reporters.JUnitXMLReporter -->
<testsuite ignored="0" hostname="Karan-Kumar" failures="0" tests="4" name="Default test" time="142.25" errors="0" timestamp="2022-10-10T15:36:41 IST">
  <testcase classname="ecommerce.Automation" name="LaunchChrome" time="2.045"/>
  <testcase classname="ecommerce.Automation" name="LaunchFirefox" time="4.014"/>
  <testcase classname="ecommerce.Automation" name="f" time="56.583"/>
  <testcase classname="ecommerce.Automation" name="firefox" time="79.476"/>
</testsuite> <!-- Default test -->
